

                          DISK USAGE REPORT
                            Gan Number : 3

Previous Run Date & Time : 26 MAR 86      10:34
Present  Run Date & Time : 27 JUN 86      15:12
Old File Date            :  1 JAN 64
File Storage is Shown in Pages

    USER               CURRENT     PREVIOUS    DIFFERENCE   OLD
----------------------------------------------------------------------
CARL                  10283        7007        3276           0
MPL                    6664        6965        -301           0
NDT                    5328        5274          54           0
NEWSCAN                3823        3935        -112           0
M33                    3374        3567        -193           0
KL10                   2967        2967           0           0
VUE                    2496        2496           0           0
LINK10                 2128        2128           0           0
SAILTEST               2108        2108           0           0
TED                    1994        1994           0           0
SAIL                   1968        1930          38           0
HELGEM                 1954        1017         937           0
SOCCI                  1769        1769           0           0
DEC                    1648        1648           0           0
EMACS                  1598        1602          -4           0
MYPEAK                 1587         876         711           0
KS2020                 1581        1581           0           0
SPL                    1447        1216         231           0
WRS                    1441        1422          19           0
SYSFIL                 1347        1347           0           0
CB-MAIL                1316        1311           5           0
MACRO53                1311           6        1305           0
SAILIB                 1288        1283           5           0
PEAK                   1247         979         268           0
PUB                    1189        1189           0           0
YEUX                   1128        1128           0           0
OSU                    1066        1051          15           0
MAIL                   1051        1082         -31           0
DENCOFF                 949         139         810           0
IMPORT                  850         850           0           0
PEAK.OLD                815         815           0           0
PEAKX                   814         814           0           0
JMS                     809         316         493           0
DEC-CUSPS               801         801           0           0
TSUCOOP                 751          42         709           0
SPPOPER                 739         365         374           0
CB-SAIL                 695         653          42           0
TODD                    677         677           0           0
CB-EXE                  626         626           0           0
JMS-INFO                624         624           0           0
CB-INFO                 612         612           0           0
CB-DECDIR               601         601           0           0
JAIL                    596         596           0           0
CB-GAMES                572         655         -83           0
SYSMAINT                560         391         169           0
XXARC                   550         550           0           0
CB-SAILIB               538         538           0           0
XUEY                    534         534           0           0
FLETCHERC               513         507           6           0
CB-DEC                  513         513           0           0
MWORK                   504         504           0           0
NEWRPG                  453         453           0           0
DOCAIL                  450         450           0           0
XEXEC                   449         449           0           0
TELE                    445         445           0           0
SPPARCH                 400         400           0           0
JMS-TJB                 390         390           0           0
PASSFRAME               388         388           0           0
SAILFOO                 366         366           0           0
UWORK                   361         361           0           0
EYES                    355         355           0           0
NEWFDM                  336         336           0           0
NEWSPL                  328         328           0           0
XAIL                    319         319           0           0
PRODUCTLIST             276         276           0           0
LPTSPL                  273         273           0           0
CB-KERMIT               273         273           0           0
COPYPC                  272        ----        ----           0
INFO                    267         267           0           0
UORAIL                  266         266           0           0
KLIB                    241         136         105           0
DWS                     240         240           0           0
VMAP                    223         223           0           0
LOGGER                  220         220           0           0
ATPCH                   189         189           0           0
OEIL                    168         168           0           0
NFDM                    164         164           0           0
OSMAN                   159        1272       -1113           0
CMUAIL                  148         148           0           0
CB-MAGNUM               147         147           0           0
KSBACK                  146         146           0           0
11CURR                  144         144           0           0
VU                      144         144           0           0
CB-PARSER               143         143           0           0
JOESMITH                139         139           0           0
TTR                     136         133           3           0
NEWINFO                 136         136           0           0
JMS-CSM                 128         128           0           0
CHERIE                  119          71          48           0
FOO                     111         111           0           0
LRAC                    109         109           0           0
K.TAPE                  100         100           0           0
FJSAIL                   96          96           0           0
CB-MEMO                  94          94           0           0
PRT                      88          88           0           0
TOPS10-702               78          78           0           0
VIEW                     78          78           0           0
SALLY                    75          75           0           0
CB-SAIL-ARC              74          74           0           0
ZONNIE                   73          73           0           0
MONDOC                   73        1012        -939           0
JW.WORK                  70          70           0           0
BIONIC                   69          69           0           0
LPQUE                    64          64           0           0
WFW                      56          56           0           0
PEAKDOC                  54          54           0           0
K.AUXIO                  51          51           0           0
XCONSULT                 46          46           0           0
CSTEMPLATE               34          34           0           0
TYMGRIPE                 30          30           0           0
MACRO53TST               28          22           6           0
GAZEL                    28          28           0           0
PEAK1                    27          27           0           0
CB-SAIL-LIB              25          25           0           0
BWORK                    18          18           0           0
K.SLR                    17          17           0           0
K.SAIL                   14          14           0           0
K.LISP                   13          13           0           0
GABRIELG                 12          12           0           0
SAFIYEG                  10          10           0           0
JASONG                    9           9           0           0
KDEV1                     9           0           9           0
YAMM                      7           7           0           0
TOPS10-701                4           4           0           0
WFWCUSP                   4           4           0           0
MARYG                     4           4           0           0
NATHANIELG                4           4           0           0
SYSINFO                   3           3           0           0
JUNKMAIL                  2           2           0           0
ZZZ-LAST-DIR              2        ----        ----           0
SWORK                     2           2           0           0
FOROTS                    2           2           0           0
SYSTECH                   2           2           0           0
703-DECNET                0           0           0           0
703-SMFILE                0           0           0           0
TNXAIL                    0           0           0           0
703-TOPS10                0           0           0           0
TOPS10-DOC                0           0           0           0
NEWTYPE                   0           0           0           0
FOROTSQA                  0           0           0           0
BADFILES                  0           0           0           0
PSP                       0           0           0           0
ZORK                      0           0           0           0
MRC-MM                    0          26         -26           0
GLYONS                    0        ----        ----           0
OSARC                     0           0           0           0
EMSAA.SERVER              0           0           0           0
PERP                      0           0           0           0
XMAIL                     0           0           0           0
RING                      0           0           0           0
OSP                       0           0           0           0
OSNF                      0           0           0           0
LPQ                       0           0           0           0
TXSSUP                    0           4          -4           0
JW.DSKCLN                 0        ----        ----           0
XBLISS                    0           0           0           0
BLISS36                   0           0           0           0
CB-GALAXY                 0           0           0           0
JMS-KERMIT                0           0           0           0
F10QA                     0           0           0           0
T10AIL                    0           0           0           0
TOPS10                    0         744        -744           0
TOPS10-603A               0           0           0           0
EDITOR                    0           0           0           0
F40                       0           0           0           0
FRENCH                    0        ----        ----           0
KDEV2                     0           0           0           0
MAILDEV                   0        ----        ----           0
OSB                       0           0           0           0
KDEV3                     0         107        -107           0
ERNSTD                    0           0           0           0
F10                       0           0           0           0
PEAK.BAK                  0           0           0           0
TYMAIL                    0           0           0           0
PEAK.B2                   0           0           0           0
FORK                      0           0           0           0
MFICHE                    0           0           0           0
KS-M33                    0        ----        ----           0
703-ANF10                 0           0           0           0
KSWORK                    0        ----        ----           0
703-TOOLS                 0           0           0           0
----------------------------------------------------------------------
TOTALS                93914       87659        5981           0
----------------------------------------------------------------------

  